2022-06-30 01:23:48,074 INFO: Starting Market Simulation
2022-06-30 01:23:48,075 INFO: Users handled: 0
2022-06-30 01:23:48,075 INFO: Finished Simulation
2022-06-30 01:23:48,216 DEBUG: CACHEDIR=C:\Users\lab554\.matplotlib
2022-06-30 01:23:48,221 DEBUG: Using fontManager instance from C:\Users\lab554\.matplotlib\fontlist-v330.json
2022-06-30 01:23:48,664 INFO: Starting Market Simulation
2022-06-30 01:23:48,665 INFO: Users handled: 0
2022-06-30 01:23:48,665 INFO: User 0 enters waiting queue at  0.000000!
2022-06-30 01:23:48,666 INFO: User 1 enters waiting queue at  0.000000!
2022-06-30 01:23:48,667 INFO: User 2 enters waiting queue at  0.000000!
2022-06-30 01:23:48,668 INFO: User 3 enters waiting queue at  0.000000!
2022-06-30 01:23:48,669 INFO: User 4 enters waiting queue at  0.000000!
2022-06-30 01:23:48,670 INFO: User 5 enters waiting queue at  0.000000!
2022-06-30 01:23:48,671 INFO: User 0 enters market at 0.00
2022-06-30 01:23:48,671 INFO: User 0 enters waiting queue at  10.000000!
2022-06-30 01:23:48,673 INFO: User 1 enters waiting queue at  20.000000!
2022-06-30 01:23:48,674 INFO: User 2 enters waiting queue at  30.000000!
2022-06-30 01:23:48,675 INFO: User 3 enters waiting queue at  40.000000!
2022-06-30 01:23:48,676 INFO: User 4 enters waiting queue at  49.000000!
2022-06-30 01:23:48,677 INFO: Support finished for 0 at  52.71
2022-06-30 01:23:48,678 INFO: User 1 enters market at 52.71
2022-06-30 01:23:48,678 INFO: User 5 enters waiting queue at  59.000000!
2022-06-30 01:23:48,679 INFO: User 0 enters waiting queue at  68.000000!
2022-06-30 01:23:48,680 INFO: User 1 enters waiting queue at  77.000000!
2022-06-30 01:23:48,687 INFO: User 2 enters waiting queue at  86.000000!
2022-06-30 01:23:48,688 INFO: User 3 enters waiting queue at  95.000000!
2022-06-30 01:23:48,700 INFO: User 4 enters waiting queue at  105.000000!
2022-06-30 01:23:48,728 INFO: Support finished for 1 at  106.46
2022-06-30 01:23:48,728 INFO: User 2 enters market at 106.46
2022-06-30 01:23:48,728 INFO: User 5 enters waiting queue at  115.000000!
2022-06-30 01:23:48,734 INFO: User 0 enters waiting queue at  124.000000!
2022-06-30 01:23:48,736 INFO: User 1 enters waiting queue at  133.000000!
2022-06-30 01:23:48,739 INFO: User 2 enters waiting queue at  143.000000!
2022-06-30 01:23:48,741 INFO: User 3 enters waiting queue at  153.000000!
2022-06-30 01:23:48,742 INFO: User 4 enters waiting queue at  162.000000!
2022-06-30 01:23:48,744 INFO: Support finished for 2 at  166.60
2022-06-30 01:23:48,745 INFO: User 3 enters market at 166.60
2022-06-30 01:23:48,745 INFO: User 5 enters waiting queue at  172.000000!
2022-06-30 01:23:48,749 INFO: User 0 enters waiting queue at  181.000000!
2022-06-30 01:23:48,752 INFO: User 1 enters waiting queue at  191.000000!
2022-06-30 01:23:48,754 INFO: User 2 enters waiting queue at  201.000000!
2022-06-30 01:23:48,756 INFO: User 3 enters waiting queue at  211.000000!
2022-06-30 01:23:48,757 INFO: User 4 enters waiting queue at  220.000000!
2022-06-30 01:23:48,760 INFO: Support finished for 3 at  229.86
2022-06-30 01:23:48,762 INFO: User 4 enters market at 229.86
2022-06-30 01:23:48,762 INFO: User 5 enters waiting queue at  230.000000!
2022-06-30 01:23:48,769 INFO: User 0 enters waiting queue at  240.000000!
2022-06-30 01:23:48,772 INFO: User 1 enters waiting queue at  249.000000!
2022-06-30 01:23:48,774 INFO: User 2 enters waiting queue at  259.000000!
2022-06-30 01:23:48,777 INFO: User 3 enters waiting queue at  269.000000!
2022-06-30 01:23:48,785 INFO: User 4 enters waiting queue at  279.000000!
2022-06-30 01:23:48,790 INFO: Support finished for 4 at  284.77
2022-06-30 01:23:48,791 INFO: User 5 enters market at 284.77
2022-06-30 01:23:48,791 INFO: User 5 enters waiting queue at  289.000000!
2022-06-30 01:23:48,796 INFO: User 0 enters waiting queue at  299.000000!
2022-06-30 01:23:48,799 INFO: User 1 enters waiting queue at  308.000000!
2022-06-30 01:23:48,801 INFO: User 2 enters waiting queue at  317.000000!
2022-06-30 01:23:48,808 INFO: User 3 enters waiting queue at  326.000000!
2022-06-30 01:23:48,809 INFO: User 4 enters waiting queue at  335.000000!
2022-06-30 01:23:48,810 INFO: Support finished for 5 at  336.93
2022-06-30 01:23:48,810 INFO: User 0 enters market at 336.93
2022-06-30 01:23:48,810 INFO: User 5 enters waiting queue at  345.000000!
2022-06-30 01:23:48,811 INFO: User 0 enters waiting queue at  355.000000!
2022-06-30 01:23:48,812 INFO: User 1 enters waiting queue at  364.000000!
2022-06-30 01:23:48,813 INFO: User 2 enters waiting queue at  373.000000!
2022-06-30 01:23:48,815 INFO: User 3 enters waiting queue at  382.000000!
2022-06-30 01:23:48,819 INFO: User 4 enters waiting queue at  391.000000!
2022-06-30 01:23:48,822 INFO: Support finished for 0 at  399.26
2022-06-30 01:23:48,822 INFO: User 1 enters market at 399.26
2022-06-30 01:23:48,823 INFO: User 5 enters waiting queue at  401.000000!
2022-06-30 01:23:48,825 INFO: User 0 enters waiting queue at  411.000000!
2022-06-30 01:23:48,826 INFO: User 1 enters waiting queue at  420.000000!
2022-06-30 01:23:48,827 INFO: User 2 enters waiting queue at  429.000000!
2022-06-30 01:23:48,828 INFO: User 3 enters waiting queue at  439.000000!
2022-06-30 01:23:48,830 INFO: User 4 enters waiting queue at  448.000000!
2022-06-30 01:23:48,832 INFO: User 5 enters waiting queue at  457.000000!
2022-06-30 01:23:48,833 INFO: Support finished for 1 at  460.58
2022-06-30 01:23:48,834 INFO: User 2 enters market at 460.58
2022-06-30 01:23:48,834 INFO: User 0 enters waiting queue at  467.000000!
2022-06-30 01:23:48,835 INFO: User 1 enters waiting queue at  476.000000!
2022-06-30 01:23:48,836 INFO: User 2 enters waiting queue at  485.000000!
2022-06-30 01:23:48,837 INFO: User 3 enters waiting queue at  494.000000!
2022-06-30 01:23:48,838 INFO: User 4 enters waiting queue at  503.000000!
2022-06-30 01:23:48,840 INFO: User 5 enters waiting queue at  513.000000!
2022-06-30 01:23:48,841 INFO: User 0 enters waiting queue at  523.000000!
2022-06-30 01:23:48,845 INFO: Support finished for 2 at  523.90
2022-06-30 01:23:48,846 INFO: User 3 enters market at 523.90
2022-06-30 01:23:48,847 INFO: User 1 enters waiting queue at  533.000000!
2022-06-30 01:23:48,849 INFO: User 2 enters waiting queue at  542.000000!
2022-06-30 01:23:48,850 INFO: User 3 enters waiting queue at  551.000000!
2022-06-30 01:23:48,854 INFO: User 4 enters waiting queue at  561.000000!
2022-06-30 01:23:48,856 INFO: User 5 enters waiting queue at  571.000000!
2022-06-30 01:23:48,857 INFO: User 0 enters waiting queue at  580.000000!
2022-06-30 01:23:48,857 INFO: Support finished for 3 at  583.62
2022-06-30 01:23:48,858 INFO: User 4 enters market at 583.62
2022-06-30 01:23:48,858 INFO: User 1 enters waiting queue at  589.000000!
2022-06-30 01:23:48,859 INFO: User 2 enters waiting queue at  599.000000!
2022-06-30 01:23:48,861 INFO: User 3 enters waiting queue at  609.000000!
2022-06-30 01:23:48,865 INFO: User 4 enters waiting queue at  619.000000!
2022-06-30 01:23:48,867 INFO: User 5 enters waiting queue at  629.000000!
2022-06-30 01:23:48,870 INFO: User 0 enters waiting queue at  638.000000!
2022-06-30 01:23:48,871 INFO: Support finished for 4 at  641.06
2022-06-30 01:23:48,872 INFO: User 5 enters market at 641.06
2022-06-30 01:23:48,872 INFO: User 1 enters waiting queue at  647.000000!
2022-06-30 01:23:48,873 INFO: User 2 enters waiting queue at  657.000000!
2022-06-30 01:23:48,874 INFO: User 3 enters waiting queue at  666.000000!
2022-06-30 01:23:48,875 INFO: User 4 enters waiting queue at  675.000000!
2022-06-30 01:23:48,878 INFO: User 5 enters waiting queue at  685.000000!
2022-06-30 01:23:48,880 INFO: Support finished for 5 at  693.81
2022-06-30 01:23:48,880 INFO: User 0 enters market at 693.81
2022-06-30 01:23:48,880 INFO: User 0 enters waiting queue at  694.000000!
2022-06-30 01:23:48,882 INFO: User 1 enters waiting queue at  703.000000!
2022-06-30 01:23:48,884 INFO: User 2 enters waiting queue at  712.000000!
2022-06-30 01:23:48,885 INFO: User 3 enters waiting queue at  722.000000!
2022-06-30 01:23:48,886 INFO: User 4 enters waiting queue at  731.000000!
2022-06-30 01:23:48,886 INFO: User 5 enters waiting queue at  741.000000!
2022-06-30 01:23:48,890 INFO: User 0 enters waiting queue at  751.000000!
2022-06-30 01:23:48,891 INFO: Support finished for 0 at  757.45
2022-06-30 01:23:48,891 INFO: User 1 enters market at 757.45
2022-06-30 01:23:48,891 INFO: User 1 enters waiting queue at  761.000000!
2022-06-30 01:23:48,892 INFO: User 2 enters waiting queue at  771.000000!
2022-06-30 01:23:48,894 INFO: User 3 enters waiting queue at  780.000000!
2022-06-30 01:23:48,896 INFO: User 4 enters waiting queue at  789.000000!
2022-06-30 01:23:48,897 INFO: User 5 enters waiting queue at  799.000000!
2022-06-30 01:23:48,901 INFO: User 0 enters waiting queue at  808.000000!
2022-06-30 01:23:48,902 INFO: Support finished for 1 at  813.67
2022-06-30 01:23:48,902 INFO: User 2 enters market at 813.67
2022-06-30 01:23:48,902 INFO: User 1 enters waiting queue at  817.000000!
2022-06-30 01:23:48,903 INFO: User 2 enters waiting queue at  827.000000!
2022-06-30 01:23:48,904 INFO: User 3 enters waiting queue at  836.000000!
2022-06-30 01:23:48,905 INFO: User 4 enters waiting queue at  846.000000!
2022-06-30 01:23:48,934 INFO: User 5 enters waiting queue at  855.000000!
2022-06-30 01:23:48,956 INFO: User 0 enters waiting queue at  865.000000!
2022-06-30 01:23:48,958 INFO: Support finished for 2 at  871.77
2022-06-30 01:23:48,958 INFO: User 3 enters market at 871.77
2022-06-30 01:23:48,958 INFO: User 1 enters waiting queue at  875.000000!
2022-06-30 01:23:48,960 INFO: User 2 enters waiting queue at  884.000000!
2022-06-30 01:23:48,961 INFO: User 3 enters waiting queue at  894.000000!
2022-06-30 01:23:48,963 INFO: User 4 enters waiting queue at  903.000000!
2022-06-30 01:23:48,966 INFO: User 5 enters waiting queue at  912.000000!
2022-06-30 01:23:48,968 INFO: User 0 enters waiting queue at  922.000000!
2022-06-30 01:23:48,970 INFO: User 1 enters waiting queue at  931.000000!
2022-06-30 01:23:48,975 INFO: Support finished for 3 at  934.51
2022-06-30 01:23:48,976 INFO: User 4 enters market at 934.51
2022-06-30 01:23:48,976 INFO: User 2 enters waiting queue at  941.000000!
2022-06-30 01:23:48,978 INFO: User 3 enters waiting queue at  950.000000!
2022-06-30 01:23:48,979 INFO: User 4 enters waiting queue at  959.000000!
2022-06-30 01:23:48,980 INFO: User 5 enters waiting queue at  969.000000!
2022-06-30 01:23:48,981 INFO: User 0 enters waiting queue at  978.000000!
2022-06-30 01:23:48,982 INFO: User 1 enters waiting queue at  988.000000!
2022-06-30 01:23:48,983 INFO: Support finished for 4 at  992.96
2022-06-30 01:23:48,984 INFO: User 5 enters market at 992.96
2022-06-30 01:23:48,984 INFO: User 2 enters waiting queue at  997.000000!
2022-06-30 01:23:48,994 INFO: User 3 enters waiting queue at  1007.000000!
2022-06-30 01:23:48,996 INFO: User 4 enters waiting queue at  1016.000000!
2022-06-30 01:23:49,000 INFO: User 5 enters waiting queue at  1025.000000!
2022-06-30 01:23:49,004 INFO: User 0 enters waiting queue at  1034.000000!
2022-06-30 01:23:49,007 INFO: User 1 enters waiting queue at  1044.000000!
2022-06-30 01:23:49,008 INFO: Support finished for 5 at  1054.00
2022-06-30 01:23:49,008 INFO: User 0 enters market at 1054.00
2022-06-30 01:23:49,008 INFO: User 2 enters waiting queue at  1054.000000!
2022-06-30 01:23:49,009 INFO: User 3 enters waiting queue at  1064.000000!
2022-06-30 01:23:49,010 INFO: User 4 enters waiting queue at  1074.000000!
2022-06-30 01:23:49,011 INFO: User 5 enters waiting queue at  1084.000000!
2022-06-30 01:23:49,012 INFO: User 0 enters waiting queue at  1093.000000!
2022-06-30 01:23:49,017 INFO: User 1 enters waiting queue at  1102.000000!
2022-06-30 01:23:49,020 INFO: User 2 enters waiting queue at  1111.000000!
2022-06-30 01:23:49,023 INFO: Support finished for 0 at  1113.21
2022-06-30 01:23:49,024 INFO: User 1 enters market at 1113.21
2022-06-30 01:23:49,024 INFO: User 3 enters waiting queue at  1120.000000!
2022-06-30 01:23:49,028 INFO: User 4 enters waiting queue at  1129.000000!
2022-06-30 01:23:49,030 INFO: User 5 enters waiting queue at  1138.000000!
2022-06-30 01:23:49,032 INFO: User 0 enters waiting queue at  1148.000000!
2022-06-30 01:23:49,033 INFO: User 1 enters waiting queue at  1158.000000!
2022-06-30 01:23:49,037 INFO: User 2 enters waiting queue at  1167.000000!
2022-06-30 01:23:49,038 INFO: Support finished for 1 at  1171.41
2022-06-30 01:23:49,038 INFO: User 2 enters market at 1171.41
2022-06-30 01:23:49,038 INFO: User 3 enters waiting queue at  1176.000000!
2022-06-30 01:23:49,039 INFO: User 4 enters waiting queue at  1186.000000!
2022-06-30 01:23:49,040 INFO: User 5 enters waiting queue at  1195.000000!
2022-06-30 01:23:49,041 INFO: User 0 enters waiting queue at  1205.000000!
2022-06-30 01:23:49,042 INFO: User 1 enters waiting queue at  1215.000000!
2022-06-30 01:23:49,046 INFO: User 2 enters waiting queue at  1225.000000!
2022-06-30 01:23:49,047 INFO: User 3 enters waiting queue at  1234.000000!
2022-06-30 01:23:49,049 INFO: Support finished for 2 at  1234.89
2022-06-30 01:23:49,049 INFO: User 3 enters market at 1234.89
2022-06-30 01:23:49,049 INFO: User 4 enters waiting queue at  1243.000000!
2022-06-30 01:23:49,051 INFO: User 5 enters waiting queue at  1252.000000!
2022-06-30 01:23:49,052 INFO: User 0 enters waiting queue at  1261.000000!
2022-06-30 01:23:49,053 INFO: User 1 enters waiting queue at  1270.000000!
2022-06-30 01:23:49,055 INFO: User 2 enters waiting queue at  1280.000000!
2022-06-30 01:23:49,056 INFO: User 3 enters waiting queue at  1290.000000!
2022-06-30 01:23:49,057 INFO: User 4 enters waiting queue at  1300.000000!
2022-06-30 01:23:49,058 INFO: Support finished for 3 at  1306.21
2022-06-30 01:23:49,059 INFO: User 4 enters market at 1306.21
2022-06-30 01:23:49,059 INFO: User 5 enters waiting queue at  1309.000000!
2022-06-30 01:23:49,060 INFO: User 0 enters waiting queue at  1319.000000!
2022-06-30 01:23:49,061 INFO: User 1 enters waiting queue at  1328.000000!
2022-06-30 01:23:49,062 INFO: User 2 enters waiting queue at  1337.000000!
2022-06-30 01:23:49,063 INFO: User 3 enters waiting queue at  1346.000000!
2022-06-30 01:23:49,066 INFO: User 4 enters waiting queue at  1355.000000!
2022-06-30 01:23:49,069 INFO: User 5 enters waiting queue at  1364.000000!
2022-06-30 01:23:49,070 INFO: Support finished for 4 at  1364.97
2022-06-30 01:23:49,070 INFO: User 5 enters market at 1364.97
2022-06-30 01:23:49,070 INFO: User 0 enters waiting queue at  1373.000000!
2022-06-30 01:23:49,072 INFO: User 1 enters waiting queue at  1383.000000!
2022-06-30 01:23:49,073 INFO: User 2 enters waiting queue at  1392.000000!
2022-06-30 01:23:49,074 INFO: User 3 enters waiting queue at  1402.000000!
2022-06-30 01:23:49,078 INFO: User 4 enters waiting queue at  1412.000000!
2022-06-30 01:23:49,079 INFO: User 5 enters waiting queue at  1422.000000!
2022-06-30 01:23:49,080 INFO: User 0 enters waiting queue at  1431.000000!
2022-06-30 01:23:49,081 INFO: Support finished for 5 at  1431.00
2022-06-30 01:23:49,081 INFO: User 0 enters market at 1431.00
2022-06-30 01:23:49,081 INFO: simulation done...
2022-06-30 01:23:49,090 INFO: fairness = [0.5023474178403756]
